<?xml version="1.0" encoding="UTF-8"?>
<!-- Generated by org.testng.reporters.JUnitXMLReporter -->
<testsuite hostname="lenovo-PC" name="Default test(failed)" tests="1" failures="1" timestamp="6 Nov 2017 07:40:15 GMT" time="0.042" errors="0">
  <testcase name="f3" time="0.02" classname="com.TestNG.WebDriverClass.FailedTestExecution">
    <failure type="java.lang.AssertionError" message="expected [Abinash] but found [Avinash]">
      <![CDATA[java.lang.AssertionError: expected [Abinash] but found [Avinash]
	at com.TestNG.WebDriverClass.FailedTestExecution.f3(FailedTestExecution.java:25)
	at com.TestNG.WebDriverClass.TestRunner.main(TestRunner.java:16)
... Removed 26 stack frames]]>
    </failure>
  </testcase> <!-- f3 -->
</testsuite> <!-- Default test(failed) -->
